Arguments: 
  C:\Program Files\nodejs\node.exe C:\Users\gupts005.VF-ROOT\AppData\Roaming\npm\node_modules\yarn\bin\yarn.js add yup

PATH: 
  C:\Program Files\Java\jdk1.8.0_281\bin;C:\Program Files\nodejs;C:\Program Files\apache-maven-3.6.3-bin\apache-maven-3.6.3\bin;C:\Program Files\Git\mingw64\bin\;C:\ProgramData\chocolatey\choco.exe;C:\ProgramData\chocolatey\bin;C:\kube;C:\Program Files\Go\bin;C:\Python39;C:\Python39\Scripts;C:\Program Files\MySQL\MySQL Server 8.0\bin;C:\Users\gupts005.VF-ROOT\AppData;C:\Users\gupts005.VF-ROOT\AppData\Local;C:\Program Files\Git\mingw64\libexec\git-core;C:\Program Files\Git\bin;C:\Users\SurajGu\AppData\Local\GitHubDesktop\app-2.9.6\GitHubDesktop.exe;C:\Windows\System32\WindowsPowerShell\v1.0\powershell.exe;C:\Program Files\Git\bin\git.exe;C:\Program Files\Git\mingw64\libexec\git-core\git.exe;C:\Windows\System32;C:\Windows;C:\Program Files;C:\Program Files\Java\jdk1.8.0_281\bin;C:\Program Files\apache-maven-3.6.3-bin\apache-maven-3.6.3\bin;C:\Program Files\nodejs;C:\Program Files\Git\mingw64\bin\;C:\ProgramData\chocolatey\bin;C:\ProgramData\chocolatey\choco.exe;C:\kube;C:\Users\gupts005.VF-ROOT\go\bin;C:\Program Files\MySQL\MySQL Server 8.0\bin;C:\Python39\Scripts;C:\Python39;C:\Users\SurajGu\AppData\Local\GitHubDesktop\bin;C:\Users\gupts005.VF-ROOT\AppData\Local\JetBrains\IntelliJ IDEA Community Edition 2022.1\bin;;C:\Users\gupts005.VF-ROOT\AppData\Local\Programs\Microsoft VS Code\bin;C:\Users\gupts005.VF-ROOT\AppData\Roaming\npm;C:\Users\gupts005.VF-ROOT\AppData\Roaming\npm;C:\Windows\System32\WindowsPowerShell\v1.0;

Yarn version: 
  1.22.19

Node version: 
  14.15.5

Platform: 
  win32 x64

Trace: 
  Error: getaddrinfo ENOTFOUND artifactory.orbit.prod.vodacom.co.za
      at GetAddrInfoReqWrap.onlookup [as oncomplete] (dns.js:67:26)

npm manifest: 
  {
    "name": "ipl2022",
    "version": "1.0.0",
    "description": "nodejs server for ipl website",
    "main": "index.js",
    "scripts": {
      "start": "nodemon server/index.js",
      "build": "cd ipl2022 && npm install && npm run build",
      "test": "echo \"Error: no test specified\" && exit 1"
    },
    "repository": {
      "type": "git",
      "url": "git+https://github.com/ironman9033/ipl.git"
    },
    "keywords": [
      "IPL",
      "cricket",
      "fantasy",
      "betting"
    ],
    "author": "suraj",
    "license": "ISC",
    "bugs": {
      "url": "https://github.com/ironman9033/ipl/issues"
    },
    "homepage": "https://github.com/ironman9033/ipl#readme",
    "dependencies": {
      "body-parser": "^1.19.1",
      "cors": "^2.8.5",
      "dotenv": "^10.0.0",
      "express": "^4.17.2",
      "mysql": "^2.18.1",
      "nodemon": "^2.0.15",
      "socket.io": "^4.4.0"
    },
    "engines": {
      "node": "14.15.5"
    }
  }

yarn manifest: 
  No manifest

Lockfile: 
  No lockfile
